c:\users\221\students\ispp31\syspr\labs\lab8\lab8\secondproject\x64\debug\vc143.pdb
c:\users\221\students\ispp31\syspr\labs\lab8\lab8\secondproject\x64\debug\vc143.idb
c:\users\221\students\ispp31\syspr\labs\lab8\lab8\secondproject\x64\debug\secondproject.obj
c:\users\221\students\ispp31\syspr\labs\lab8\lab8\x64\debug\secondproject.exe
c:\users\221\students\ispp31\syspr\labs\lab8\lab8\x64\debug\secondproject.pdb
c:\users\221\students\ispp31\syspr\labs\lab8\lab8\secondproject\x64\debug\secondproject.ilk
c:\users\gorbu\desktop\всё\колледжные работы\3 курс 2 семестр\syspr\labs\lab8\lab8\secondproject\x64\debug\secondproject.obj
c:\users\gorbu\desktop\всё\колледжные работы\3 курс 2 семестр\syspr\labs\lab8\lab8\secondproject\x64\debug\secondproject.ilk
c:\users\gorbu\desktop\всё\колледжные работы\3 курс 2 семестр\syspr\labs\lab8\lab8\secondproject\x64\debug\vc143.idb
c:\users\gorbu\desktop\всё\колледжные работы\3 курс 2 семестр\syspr\labs\lab8\lab8\secondproject\x64\debug\vc143.pdb
c:\users\gorbu\desktop\всё\колледжные работы\3 курс 2 семестр\syspr\labs\lab8\lab8\x64\debug\secondproject.pdb
c:\users\gorbu\desktop\всё\колледжные работы\3 курс 2 семестр\syspr\labs\lab8\lab8\x64\debug\secondproject.exe
c:\users\gorbu\desktop\всё\колледжные работы\3 курс 2 семестр\syspr\labs\lab8\lab8\secondproject\x64\debug\secondproject.tlog\cl.command.1.tlog
c:\users\gorbu\desktop\всё\колледжные работы\3 курс 2 семестр\syspr\labs\lab8\lab8\secondproject\x64\debug\secondproject.tlog\cl.items.tlog
c:\users\gorbu\desktop\всё\колледжные работы\3 курс 2 семестр\syspr\labs\lab8\lab8\secondproject\x64\debug\secondproject.tlog\cl.read.1.tlog
c:\users\gorbu\desktop\всё\колледжные работы\3 курс 2 семестр\syspr\labs\lab8\lab8\secondproject\x64\debug\secondproject.tlog\cl.write.1.tlog
c:\users\gorbu\desktop\всё\колледжные работы\3 курс 2 семестр\syspr\labs\lab8\lab8\secondproject\x64\debug\secondproject.tlog\link.command.1.tlog
c:\users\gorbu\desktop\всё\колледжные работы\3 курс 2 семестр\syspr\labs\lab8\lab8\secondproject\x64\debug\secondproject.tlog\link.read.1.tlog
c:\users\gorbu\desktop\всё\колледжные работы\3 курс 2 семестр\syspr\labs\lab8\lab8\secondproject\x64\debug\secondproject.tlog\link.secondary.1.tlog
c:\users\gorbu\desktop\всё\колледжные работы\3 курс 2 семестр\syspr\labs\lab8\lab8\secondproject\x64\debug\secondproject.tlog\link.write.1.tlog
